


ARM Macro Assembler    Page 1 


    1 00000000         ;******************** (C) COPYRIGHT 2015 Gree Microelect
                       ronics ********************
    2 00000000         ;* File Name          : startup_gma0164qp64.s
    3 00000000         ;* Author             : Wen Liu
    4 00000000         ;* Version            : V1.0.0
    5 00000000         ;* Date               : 2015/08/20
    6 00000000         ;* Description        : GMA0164QP64 startup file for arm
                       -cc.
    7 00000000         ;*                      This module do following:
    8 00000000         ;*                      - Set the initial SP & PC
    9 00000000         ;*                      - Build vector table with extern
                       al interrupt handlers
   10 00000000         ;*                      - Branches to main routine
   11 00000000         ;*******************************************************
                       ************************
   12 00000000         
   13 00000000         
   14 00000000         ; Amount of memory (in bytes) allocated for Stack
   15 00000000         ; Tailor this value to your application needs
   16 00000000         ; <h> Stack Configuration
   17 00000000         ;   <o> Stack Size (in Bytes) <0x0-0xFFFFFFFF:8>
   18 00000000         ; </h>
   19 00000000         
   20 00000000 00000300 
                       Stack_Size
                               EQU              0x00000300
   21 00000000         
   22 00000000                 AREA             STACK, NOINIT, READWRITE, ALIGN
=3
   23 00000000         Stack_Mem
                               SPACE            Stack_Size
   24 00000300         __initial_sp
   25 00000300         
   26 00000300         
   27 00000300         ; <h> Heap Configuration
   28 00000300         ;   <o>  Heap Size (in Bytes) <0x0-0xFFFFFFFF:8>
   29 00000300         ; </h>
   30 00000300         
   31 00000300 00000000 
                       Heap_Size
                               EQU              0x00000000
   32 00000300         
   33 00000300                 AREA             HEAP, NOINIT, READWRITE, ALIGN=
3
   34 00000000         __heap_base
   35 00000000         Heap_Mem
                               SPACE            Heap_Size
   36 00000000         __heap_limit
   37 00000000         
   38 00000000         
   39 00000000                 PRESERVE8
   40 00000000                 THUMB
   41 00000000         
   42 00000000         
   43 00000000         ; Vector Table Mapped to Address 0 at Reset
   44 00000000         
   45 00000000                 AREA             RESET, DATA, READONLY
   46 00000000                 EXPORT           __Vectors
   47 00000000                 EXPORT           __Vectors_End



ARM Macro Assembler    Page 2 


   48 00000000                 EXPORT           __Vectors_Size
   49 00000000         
   50 00000000 00000000 
                       __Vectors
                               DCD              __initial_sp ; Top of Stack
   51 00000004 00000000        DCD              Reset_Handler ; Reset Handler
   52 00000008 00000000        DCD              INT02_Handler ; 
   53 0000000C 00000000        DCD              INT03_Handler ;
   54 00000010 00000000        DCD              INT04_Handler ;
   55 00000014 00000000        DCD              INT05_Handler ;
   56 00000018 00000000        DCD              INT06_Handler ;
   57 0000001C 00000000        DCD              INT07_Handler ;
   58 00000020 00000000        DCD              INT08_Handler ;
   59 00000024 00000000        DCD              INT09_Handler ;
   60 00000028 00000000        DCD              INT10_Handler ;
   61 0000002C 00000000        DCD              INT11_Handler ;
   62 00000030 00000000        DCD              INT12_Handler ;
   63 00000034 00000000        DCD              INT13_Handler ;
   64 00000038 00000000        DCD              INT14_Handler ;
   65 0000003C 00000000        DCD              INT15_Handler ;
   66 00000040         
   67 00000040         ; External Interrupts
   68 00000040 00000000        DCD              INT16_Handler ; 
   69 00000044 00000000        DCD              INT17_Handler ; 
   70 00000048 00000000        DCD              INT18_Handler ; 
   71 0000004C 00000000        DCD              INT19_Handler ; 
   72 00000050 00000000        DCD              INT20_Handler ; 
   73 00000054 00000000        DCD              INT21_Handler ; 
   74 00000058 00000000        DCD              INT22_Handler ; 
   75 0000005C 00000000        DCD              INT23_Handler ; 
   76 00000060 00000000        DCD              INT24_Handler ; 
   77 00000064 00000000        DCD              INT25_Handler ; 
   78 00000068 00000000        DCD              INT26_Handler ; 
   79 0000006C 00000000        DCD              INT27_Handler ; 
   80 00000070 00000000        DCD              INT28_Handler ; 
   81 00000074 00000000        DCD              INT29_Handler ; 
   82 00000078 00000000        DCD              INT30_Handler ; 
   83 0000007C 00000000        DCD              INT31_Handler ; 
   84 00000080 00000000        DCD              INT32_Handler ; 
   85 00000084 00000000        DCD              INT33_Handler ; 
   86 00000088 00000000        DCD              INT34_Handler ; 
   87 0000008C 00000000        DCD              INT35_Handler ; 
   88 00000090 00000000        DCD              INT36_Handler ; 
   89 00000094 00000000        DCD              INT37_Handler ; 
   90 00000098 00000000        DCD              INT38_Handler ; 
   91 0000009C 00000000        DCD              INT39_Handler ; 
   92 000000A0 00000000        DCD              INT40_Handler ; 
   93 000000A4 00000000        DCD              INT41_Handler ; 
   94 000000A8 00000000        DCD              INT42_Handler ; 
   95 000000AC 00000000        DCD              INT43_Handler ; 
   96 000000B0 00000000        DCD              INT44_Handler ; 
   97 000000B4 00000000        DCD              INT45_Handler ; 
   98 000000B8 00000000        DCD              INT46_Handler ; 
   99 000000BC 00000000        DCD              INT47_Handler ; 
  100 000000C0         __Vectors_End
  101 000000C0         
  102 000000C0 000000C0 
                       __Vectors_Size
                               EQU              __Vectors_End - __Vectors



ARM Macro Assembler    Page 3 


  103 000000C0         
  104 000000C0                 IF               :LNOT::DEF:RAM_TARGET
  105 000000C0                 AREA             |.ARM.__at_0x400|, CODE, READON
LY
  106 00000000 FF FF FF 
              FF               DCB              0xFF,       0xFF,       0xFF,  
     0xFF
  107 00000004 FF FF FF 
              FF               DCB              0xFF,       0xFF,       0xFF,  
     0xFF
  108 00000008                 ENDIF
  109 00000008         
  110 00000008                 AREA             |.text|, CODE, READONLY
  111 00000000         
  112 00000000         
  113 00000000         ; Reset Handler
  114 00000000         
  115 00000000         Reset_Handler
                               PROC
  116 00000000                 EXPORT           Reset_Handler             [WEAK
]
  117 00000000         
  118 00000000         ;for main flash only, switch main flash(0x10000000) to 0
                       x00000000
  119 00000000 2201            MOVS             R2, #0x1
  120 00000002 0790            MOVS             R0, R2, LSL#30
  121 00000004 3014            ADDS             R0, #0x14
  122 00000006         
  123 00000006 6802            LDR              R2, [R0, #0]
  124 00000008 231A            MOVS             R3, #0x1A
  125 0000000A 061C            MOVS             R4, R3, LSL#24
  126 0000000C 4322            ORRS             R2, R2, R4
  127 0000000E 23CC            MOVS             R3, #0xCC
  128 00000010 041D            MOVS             R5, R3, LSL#16
  129 00000012 432A            ORRS             R2, R2, R5
  130 00000014 2103            MOVS             R1, #0x03
  131 00000016 430A            ORRS             R2, R2, R1
  132 00000018         
  133 00000018 6002            STR              R2, [R0, #0]
  134 0000001A F3BF 8F4F       DSB
  135 0000001E F3BF 8F6F       ISB
  136 00000022         
  137 00000022         ;enable LVD1, level:3.90+0.15V/-0.15V
  138 00000022 2201            MOVS             R2, #0x1
  139 00000024 0790            MOVS             R0, R2, LSL#30
  140 00000026 3084            ADDS             R0, #0x84
  141 00000028         
  142 00000028 6802            LDR              R2, [R0, #0]
  143 0000002A 2301            MOVS             R3, #0x1
  144 0000002C 021C            MOVS             R4, R3, LSL#8
  145 0000002E 4322            ORRS             R2, R2, R4
  146 00000030 2315            MOVS             R3, #0x15
  147 00000032 431A            ORRS             R2, R2, R3
  148 00000034 6002            STR              R2, [R0, #0]
  149 00000036 F3BF 8F4F       DSB
  150 0000003A F3BF 8F6F       ISB
  151 0000003E         
  152 0000003E         
  153 0000003E F000 F800       BL               label1



ARM Macro Assembler    Page 4 


  154 00000042         label1
  155 00000042                 IMPORT           SystemInit
  156 00000042                 IMPORT           __main
  157 00000042 4802            LDR              R0, =SystemInit
  158 00000044 4780            BLX              R0
  159 00000046 4802            LDR              R0, =__main
  160 00000048 4700            BX               R0
  161 0000004A                 ENDP
  162 0000004A         
  163 0000004A         ; Dummy Exception Handlers (infinite loops which can be 
                       modified)
  164 0000004A         
  165 0000004A         Default_Handler
                               PROC
  166 0000004A         ;IMPORT  Default_INTHanlder
  167 0000004A                 EXPORT           INT02_Handler     [WEAK]
  168 0000004A                 EXPORT           INT03_Handler     [WEAK]
  169 0000004A                 EXPORT           INT04_Handler     [WEAK]
  170 0000004A                 EXPORT           INT05_Handler     [WEAK]
  171 0000004A                 EXPORT           INT06_Handler     [WEAK]
  172 0000004A                 EXPORT           INT07_Handler     [WEAK]
  173 0000004A                 EXPORT           INT08_Handler     [WEAK]
  174 0000004A                 EXPORT           INT09_Handler     [WEAK]
  175 0000004A                 EXPORT           INT10_Handler     [WEAK]
  176 0000004A                 EXPORT           INT11_Handler     [WEAK]
  177 0000004A                 EXPORT           INT12_Handler     [WEAK]
  178 0000004A                 EXPORT           INT13_Handler     [WEAK]
  179 0000004A                 EXPORT           INT14_Handler     [WEAK]
  180 0000004A                 EXPORT           INT15_Handler     [WEAK]
  181 0000004A                 EXPORT           INT16_Handler     [WEAK]
  182 0000004A                 EXPORT           INT17_Handler     [WEAK]
  183 0000004A                 EXPORT           INT18_Handler     [WEAK]
  184 0000004A                 EXPORT           INT19_Handler     [WEAK]
  185 0000004A                 EXPORT           INT20_Handler     [WEAK]
  186 0000004A                 EXPORT           INT21_Handler     [WEAK]
  187 0000004A                 EXPORT           INT22_Handler     [WEAK]
  188 0000004A                 EXPORT           INT23_Handler     [WEAK]
  189 0000004A                 EXPORT           INT24_Handler     [WEAK]
  190 0000004A                 EXPORT           INT25_Handler     [WEAK]
  191 0000004A                 EXPORT           INT26_Handler     [WEAK]
  192 0000004A                 EXPORT           INT27_Handler     [WEAK]
  193 0000004A                 EXPORT           INT28_Handler     [WEAK]
  194 0000004A                 EXPORT           INT29_Handler     [WEAK]
  195 0000004A                 EXPORT           INT30_Handler     [WEAK]
  196 0000004A                 EXPORT           INT31_Handler     [WEAK]
  197 0000004A                 EXPORT           INT32_Handler     [WEAK]
  198 0000004A                 EXPORT           INT33_Handler     [WEAK]
  199 0000004A                 EXPORT           INT34_Handler     [WEAK]
  200 0000004A                 EXPORT           INT35_Handler     [WEAK]
  201 0000004A                 EXPORT           INT36_Handler     [WEAK]
  202 0000004A                 EXPORT           INT37_Handler     [WEAK]
  203 0000004A                 EXPORT           INT38_Handler     [WEAK]
  204 0000004A                 EXPORT           INT39_Handler     [WEAK]
  205 0000004A                 EXPORT           INT40_Handler     [WEAK]
  206 0000004A                 EXPORT           INT41_Handler     [WEAK]
  207 0000004A                 EXPORT           INT42_Handler     [WEAK]
  208 0000004A                 EXPORT           INT43_Handler     [WEAK]
  209 0000004A                 EXPORT           INT44_Handler     [WEAK]
  210 0000004A                 EXPORT           INT45_Handler     [WEAK]



ARM Macro Assembler    Page 5 


  211 0000004A                 EXPORT           INT46_Handler     [WEAK]
  212 0000004A                 EXPORT           INT47_Handler     [WEAK]
  213 0000004A         INT02_Handler
  214 0000004A         INT03_Handler
  215 0000004A         INT04_Handler
  216 0000004A         INT05_Handler
  217 0000004A         INT06_Handler
  218 0000004A         INT07_Handler
  219 0000004A         INT08_Handler
  220 0000004A         INT09_Handler
  221 0000004A         INT10_Handler
  222 0000004A         INT11_Handler
  223 0000004A         INT12_Handler
  224 0000004A         INT13_Handler
  225 0000004A         INT14_Handler
  226 0000004A         INT15_Handler
  227 0000004A         INT16_Handler
  228 0000004A         INT17_Handler
  229 0000004A         INT18_Handler
  230 0000004A         INT19_Handler
  231 0000004A         INT20_Handler
  232 0000004A         INT21_Handler
  233 0000004A         INT22_Handler
  234 0000004A         INT23_Handler
  235 0000004A         INT24_Handler
  236 0000004A         INT25_Handler
  237 0000004A         INT26_Handler
  238 0000004A         INT27_Handler
  239 0000004A         INT28_Handler
  240 0000004A         INT29_Handler
  241 0000004A         INT30_Handler
  242 0000004A         INT31_Handler
  243 0000004A         INT32_Handler
  244 0000004A         INT33_Handler
  245 0000004A         INT34_Handler
  246 0000004A         INT35_Handler
  247 0000004A         INT36_Handler
  248 0000004A         INT37_Handler
  249 0000004A         INT38_Handler
  250 0000004A         INT39_Handler
  251 0000004A         INT40_Handler
  252 0000004A         INT41_Handler
  253 0000004A         INT42_Handler
  254 0000004A         INT43_Handler
  255 0000004A         INT44_Handler
  256 0000004A         INT45_Handler
  257 0000004A         INT46_Handler
  258 0000004A         INT47_Handler
  259 0000004A E7FE            B                .
  260 0000004C         ;LDR     R0, =Default_INTHanlder
  261 0000004C         ;BX      R0
  262 0000004C         
  263 0000004C                 ENDP
  264 0000004C         
  265 0000004C         
  266 0000004C                 ALIGN
  267 0000004C         
  268 0000004C         ;*******************************************************
                       ************************



ARM Macro Assembler    Page 6 


  269 0000004C         ; User Stack and Heap initialization
  270 0000004C         ;*******************************************************
                       ************************
  271 0000004C                 IF               :DEF:__MICROLIB
  272 0000004C         
  273 0000004C                 EXPORT           __initial_sp
  274 0000004C                 EXPORT           __heap_base
  275 0000004C                 EXPORT           __heap_limit
  276 0000004C         
  277 0000004C                 ELSE
  291                          ENDIF
  292 0000004C         
  293 0000004C         
  294 0000004C                 END
              00000000 
              00000000 
Command Line: --debug --xref --diag_suppress=9931 --cpu=Cortex-M0 --apcs=interw
ork --depend=.\objects\startup_emf660x.d -o.\objects\startup_emf660x.o -I.\RTE\
_flash_example_Debug -IC:\Users\550898\AppData\Local\Arm\Packs\ARM\CMSIS\5.6.0\
CMSIS\Core\Include -IC:\Users\550898\AppData\Local\Arm\Packs\Keil\EMxx_DFP\1.5.
2\Device\Include --predefine="__MICROLIB SETA 1" --predefine="__UVISION_VERSION
 SETA 529" --predefine="_RTE_ SETA 1" --predefine="CHIP_F6601C SETA 1" --predef
ine="FLASH_CODE_IN_RAM SETA 1" --list=.\listings\startup_emf660x.lst RTE\Device
\EMF6601VCPCC\startup_EMF660x.s



ARM Macro Assembler    Page 1 Alphabetic symbol ordering
Relocatable symbols

STACK 00000000

Symbol: STACK
   Definitions
      At line 22 in file RTE\Device\EMF6601VCPCC\startup_EMF660x.s
   Uses
      None
Comment: STACK unused
Stack_Mem 00000000

Symbol: Stack_Mem
   Definitions
      At line 23 in file RTE\Device\EMF6601VCPCC\startup_EMF660x.s
   Uses
      None
Comment: Stack_Mem unused
__initial_sp 00000300

Symbol: __initial_sp
   Definitions
      At line 24 in file RTE\Device\EMF6601VCPCC\startup_EMF660x.s
   Uses
      At line 50 in file RTE\Device\EMF6601VCPCC\startup_EMF660x.s
      At line 273 in file RTE\Device\EMF6601VCPCC\startup_EMF660x.s

3 symbols



ARM Macro Assembler    Page 1 Alphabetic symbol ordering
Relocatable symbols

HEAP 00000000

Symbol: HEAP
   Definitions
      At line 33 in file RTE\Device\EMF6601VCPCC\startup_EMF660x.s
   Uses
      None
Comment: HEAP unused
Heap_Mem 00000000

Symbol: Heap_Mem
   Definitions
      At line 35 in file RTE\Device\EMF6601VCPCC\startup_EMF660x.s
   Uses
      None
Comment: Heap_Mem unused
__heap_base 00000000

Symbol: __heap_base
   Definitions
      At line 34 in file RTE\Device\EMF6601VCPCC\startup_EMF660x.s
   Uses
      At line 274 in file RTE\Device\EMF6601VCPCC\startup_EMF660x.s
Comment: __heap_base used once
__heap_limit 00000000

Symbol: __heap_limit
   Definitions
      At line 36 in file RTE\Device\EMF6601VCPCC\startup_EMF660x.s
   Uses
      At line 275 in file RTE\Device\EMF6601VCPCC\startup_EMF660x.s
Comment: __heap_limit used once
4 symbols



ARM Macro Assembler    Page 1 Alphabetic symbol ordering
Relocatable symbols

RESET 00000000

Symbol: RESET
   Definitions
      At line 45 in file RTE\Device\EMF6601VCPCC\startup_EMF660x.s
   Uses
      None
Comment: RESET unused
__Vectors 00000000

Symbol: __Vectors
   Definitions
      At line 50 in file RTE\Device\EMF6601VCPCC\startup_EMF660x.s
   Uses
      At line 46 in file RTE\Device\EMF6601VCPCC\startup_EMF660x.s
      At line 102 in file RTE\Device\EMF6601VCPCC\startup_EMF660x.s

__Vectors_End 000000C0

Symbol: __Vectors_End
   Definitions
      At line 100 in file RTE\Device\EMF6601VCPCC\startup_EMF660x.s
   Uses
      At line 47 in file RTE\Device\EMF6601VCPCC\startup_EMF660x.s
      At line 102 in file RTE\Device\EMF6601VCPCC\startup_EMF660x.s

3 symbols



ARM Macro Assembler    Page 1 Alphabetic symbol ordering
Relocatable symbols

.ARM.__at_0x400 00000000

Symbol: .ARM.__at_0x400
   Definitions
      At line 105 in file RTE\Device\EMF6601VCPCC\startup_EMF660x.s
   Uses
      None
Comment: .ARM.__at_0x400 unused
1 symbol



ARM Macro Assembler    Page 1 Alphabetic symbol ordering
Relocatable symbols

.text 00000000

Symbol: .text
   Definitions
      At line 110 in file RTE\Device\EMF6601VCPCC\startup_EMF660x.s
   Uses
      None
Comment: .text unused
Default_Handler 0000004A

Symbol: Default_Handler
   Definitions
      At line 165 in file RTE\Device\EMF6601VCPCC\startup_EMF660x.s
   Uses
      None
Comment: Default_Handler unused
INT02_Handler 0000004A

Symbol: INT02_Handler
   Definitions
      At line 213 in file RTE\Device\EMF6601VCPCC\startup_EMF660x.s
   Uses
      At line 52 in file RTE\Device\EMF6601VCPCC\startup_EMF660x.s
      At line 167 in file RTE\Device\EMF6601VCPCC\startup_EMF660x.s

INT03_Handler 0000004A

Symbol: INT03_Handler
   Definitions
      At line 214 in file RTE\Device\EMF6601VCPCC\startup_EMF660x.s
   Uses
      At line 53 in file RTE\Device\EMF6601VCPCC\startup_EMF660x.s
      At line 168 in file RTE\Device\EMF6601VCPCC\startup_EMF660x.s

INT04_Handler 0000004A

Symbol: INT04_Handler
   Definitions
      At line 215 in file RTE\Device\EMF6601VCPCC\startup_EMF660x.s
   Uses
      At line 54 in file RTE\Device\EMF6601VCPCC\startup_EMF660x.s
      At line 169 in file RTE\Device\EMF6601VCPCC\startup_EMF660x.s

INT05_Handler 0000004A

Symbol: INT05_Handler
   Definitions
      At line 216 in file RTE\Device\EMF6601VCPCC\startup_EMF660x.s
   Uses
      At line 55 in file RTE\Device\EMF6601VCPCC\startup_EMF660x.s
      At line 170 in file RTE\Device\EMF6601VCPCC\startup_EMF660x.s

INT06_Handler 0000004A

Symbol: INT06_Handler
   Definitions
      At line 217 in file RTE\Device\EMF6601VCPCC\startup_EMF660x.s
   Uses
      At line 56 in file RTE\Device\EMF6601VCPCC\startup_EMF660x.s



ARM Macro Assembler    Page 2 Alphabetic symbol ordering
Relocatable symbols

      At line 171 in file RTE\Device\EMF6601VCPCC\startup_EMF660x.s

INT07_Handler 0000004A

Symbol: INT07_Handler
   Definitions
      At line 218 in file RTE\Device\EMF6601VCPCC\startup_EMF660x.s
   Uses
      At line 57 in file RTE\Device\EMF6601VCPCC\startup_EMF660x.s
      At line 172 in file RTE\Device\EMF6601VCPCC\startup_EMF660x.s

INT08_Handler 0000004A

Symbol: INT08_Handler
   Definitions
      At line 219 in file RTE\Device\EMF6601VCPCC\startup_EMF660x.s
   Uses
      At line 58 in file RTE\Device\EMF6601VCPCC\startup_EMF660x.s
      At line 173 in file RTE\Device\EMF6601VCPCC\startup_EMF660x.s

INT09_Handler 0000004A

Symbol: INT09_Handler
   Definitions
      At line 220 in file RTE\Device\EMF6601VCPCC\startup_EMF660x.s
   Uses
      At line 59 in file RTE\Device\EMF6601VCPCC\startup_EMF660x.s
      At line 174 in file RTE\Device\EMF6601VCPCC\startup_EMF660x.s

INT10_Handler 0000004A

Symbol: INT10_Handler
   Definitions
      At line 221 in file RTE\Device\EMF6601VCPCC\startup_EMF660x.s
   Uses
      At line 60 in file RTE\Device\EMF6601VCPCC\startup_EMF660x.s
      At line 175 in file RTE\Device\EMF6601VCPCC\startup_EMF660x.s

INT11_Handler 0000004A

Symbol: INT11_Handler
   Definitions
      At line 222 in file RTE\Device\EMF6601VCPCC\startup_EMF660x.s
   Uses
      At line 61 in file RTE\Device\EMF6601VCPCC\startup_EMF660x.s
      At line 176 in file RTE\Device\EMF6601VCPCC\startup_EMF660x.s

INT12_Handler 0000004A

Symbol: INT12_Handler
   Definitions
      At line 223 in file RTE\Device\EMF6601VCPCC\startup_EMF660x.s
   Uses
      At line 62 in file RTE\Device\EMF6601VCPCC\startup_EMF660x.s
      At line 177 in file RTE\Device\EMF6601VCPCC\startup_EMF660x.s

INT13_Handler 0000004A

Symbol: INT13_Handler



ARM Macro Assembler    Page 3 Alphabetic symbol ordering
Relocatable symbols

   Definitions
      At line 224 in file RTE\Device\EMF6601VCPCC\startup_EMF660x.s
   Uses
      At line 63 in file RTE\Device\EMF6601VCPCC\startup_EMF660x.s
      At line 178 in file RTE\Device\EMF6601VCPCC\startup_EMF660x.s

INT14_Handler 0000004A

Symbol: INT14_Handler
   Definitions
      At line 225 in file RTE\Device\EMF6601VCPCC\startup_EMF660x.s
   Uses
      At line 64 in file RTE\Device\EMF6601VCPCC\startup_EMF660x.s
      At line 179 in file RTE\Device\EMF6601VCPCC\startup_EMF660x.s

INT15_Handler 0000004A

Symbol: INT15_Handler
   Definitions
      At line 226 in file RTE\Device\EMF6601VCPCC\startup_EMF660x.s
   Uses
      At line 65 in file RTE\Device\EMF6601VCPCC\startup_EMF660x.s
      At line 180 in file RTE\Device\EMF6601VCPCC\startup_EMF660x.s

INT16_Handler 0000004A

Symbol: INT16_Handler
   Definitions
      At line 227 in file RTE\Device\EMF6601VCPCC\startup_EMF660x.s
   Uses
      At line 68 in file RTE\Device\EMF6601VCPCC\startup_EMF660x.s
      At line 181 in file RTE\Device\EMF6601VCPCC\startup_EMF660x.s

INT17_Handler 0000004A

Symbol: INT17_Handler
   Definitions
      At line 228 in file RTE\Device\EMF6601VCPCC\startup_EMF660x.s
   Uses
      At line 69 in file RTE\Device\EMF6601VCPCC\startup_EMF660x.s
      At line 182 in file RTE\Device\EMF6601VCPCC\startup_EMF660x.s

INT18_Handler 0000004A

Symbol: INT18_Handler
   Definitions
      At line 229 in file RTE\Device\EMF6601VCPCC\startup_EMF660x.s
   Uses
      At line 70 in file RTE\Device\EMF6601VCPCC\startup_EMF660x.s
      At line 183 in file RTE\Device\EMF6601VCPCC\startup_EMF660x.s

INT19_Handler 0000004A

Symbol: INT19_Handler
   Definitions
      At line 230 in file RTE\Device\EMF6601VCPCC\startup_EMF660x.s
   Uses
      At line 71 in file RTE\Device\EMF6601VCPCC\startup_EMF660x.s
      At line 184 in file RTE\Device\EMF6601VCPCC\startup_EMF660x.s



ARM Macro Assembler    Page 4 Alphabetic symbol ordering
Relocatable symbols


INT20_Handler 0000004A

Symbol: INT20_Handler
   Definitions
      At line 231 in file RTE\Device\EMF6601VCPCC\startup_EMF660x.s
   Uses
      At line 72 in file RTE\Device\EMF6601VCPCC\startup_EMF660x.s
      At line 185 in file RTE\Device\EMF6601VCPCC\startup_EMF660x.s

INT21_Handler 0000004A

Symbol: INT21_Handler
   Definitions
      At line 232 in file RTE\Device\EMF6601VCPCC\startup_EMF660x.s
   Uses
      At line 73 in file RTE\Device\EMF6601VCPCC\startup_EMF660x.s
      At line 186 in file RTE\Device\EMF6601VCPCC\startup_EMF660x.s

INT22_Handler 0000004A

Symbol: INT22_Handler
   Definitions
      At line 233 in file RTE\Device\EMF6601VCPCC\startup_EMF660x.s
   Uses
      At line 74 in file RTE\Device\EMF6601VCPCC\startup_EMF660x.s
      At line 187 in file RTE\Device\EMF6601VCPCC\startup_EMF660x.s

INT23_Handler 0000004A

Symbol: INT23_Handler
   Definitions
      At line 234 in file RTE\Device\EMF6601VCPCC\startup_EMF660x.s
   Uses
      At line 75 in file RTE\Device\EMF6601VCPCC\startup_EMF660x.s
      At line 188 in file RTE\Device\EMF6601VCPCC\startup_EMF660x.s

INT24_Handler 0000004A

Symbol: INT24_Handler
   Definitions
      At line 235 in file RTE\Device\EMF6601VCPCC\startup_EMF660x.s
   Uses
      At line 76 in file RTE\Device\EMF6601VCPCC\startup_EMF660x.s
      At line 189 in file RTE\Device\EMF6601VCPCC\startup_EMF660x.s

INT25_Handler 0000004A

Symbol: INT25_Handler
   Definitions
      At line 236 in file RTE\Device\EMF6601VCPCC\startup_EMF660x.s
   Uses
      At line 77 in file RTE\Device\EMF6601VCPCC\startup_EMF660x.s
      At line 190 in file RTE\Device\EMF6601VCPCC\startup_EMF660x.s

INT26_Handler 0000004A

Symbol: INT26_Handler
   Definitions



ARM Macro Assembler    Page 5 Alphabetic symbol ordering
Relocatable symbols

      At line 237 in file RTE\Device\EMF6601VCPCC\startup_EMF660x.s
   Uses
      At line 78 in file RTE\Device\EMF6601VCPCC\startup_EMF660x.s
      At line 191 in file RTE\Device\EMF6601VCPCC\startup_EMF660x.s

INT27_Handler 0000004A

Symbol: INT27_Handler
   Definitions
      At line 238 in file RTE\Device\EMF6601VCPCC\startup_EMF660x.s
   Uses
      At line 79 in file RTE\Device\EMF6601VCPCC\startup_EMF660x.s
      At line 192 in file RTE\Device\EMF6601VCPCC\startup_EMF660x.s

INT28_Handler 0000004A

Symbol: INT28_Handler
   Definitions
      At line 239 in file RTE\Device\EMF6601VCPCC\startup_EMF660x.s
   Uses
      At line 80 in file RTE\Device\EMF6601VCPCC\startup_EMF660x.s
      At line 193 in file RTE\Device\EMF6601VCPCC\startup_EMF660x.s

INT29_Handler 0000004A

Symbol: INT29_Handler
   Definitions
      At line 240 in file RTE\Device\EMF6601VCPCC\startup_EMF660x.s
   Uses
      At line 81 in file RTE\Device\EMF6601VCPCC\startup_EMF660x.s
      At line 194 in file RTE\Device\EMF6601VCPCC\startup_EMF660x.s

INT30_Handler 0000004A

Symbol: INT30_Handler
   Definitions
      At line 241 in file RTE\Device\EMF6601VCPCC\startup_EMF660x.s
   Uses
      At line 82 in file RTE\Device\EMF6601VCPCC\startup_EMF660x.s
      At line 195 in file RTE\Device\EMF6601VCPCC\startup_EMF660x.s

INT31_Handler 0000004A

Symbol: INT31_Handler
   Definitions
      At line 242 in file RTE\Device\EMF6601VCPCC\startup_EMF660x.s
   Uses
      At line 83 in file RTE\Device\EMF6601VCPCC\startup_EMF660x.s
      At line 196 in file RTE\Device\EMF6601VCPCC\startup_EMF660x.s

INT32_Handler 0000004A

Symbol: INT32_Handler
   Definitions
      At line 243 in file RTE\Device\EMF6601VCPCC\startup_EMF660x.s
   Uses
      At line 84 in file RTE\Device\EMF6601VCPCC\startup_EMF660x.s
      At line 197 in file RTE\Device\EMF6601VCPCC\startup_EMF660x.s




ARM Macro Assembler    Page 6 Alphabetic symbol ordering
Relocatable symbols

INT33_Handler 0000004A

Symbol: INT33_Handler
   Definitions
      At line 244 in file RTE\Device\EMF6601VCPCC\startup_EMF660x.s
   Uses
      At line 85 in file RTE\Device\EMF6601VCPCC\startup_EMF660x.s
      At line 198 in file RTE\Device\EMF6601VCPCC\startup_EMF660x.s

INT34_Handler 0000004A

Symbol: INT34_Handler
   Definitions
      At line 245 in file RTE\Device\EMF6601VCPCC\startup_EMF660x.s
   Uses
      At line 86 in file RTE\Device\EMF6601VCPCC\startup_EMF660x.s
      At line 199 in file RTE\Device\EMF6601VCPCC\startup_EMF660x.s

INT35_Handler 0000004A

Symbol: INT35_Handler
   Definitions
      At line 246 in file RTE\Device\EMF6601VCPCC\startup_EMF660x.s
   Uses
      At line 87 in file RTE\Device\EMF6601VCPCC\startup_EMF660x.s
      At line 200 in file RTE\Device\EMF6601VCPCC\startup_EMF660x.s

INT36_Handler 0000004A

Symbol: INT36_Handler
   Definitions
      At line 247 in file RTE\Device\EMF6601VCPCC\startup_EMF660x.s
   Uses
      At line 88 in file RTE\Device\EMF6601VCPCC\startup_EMF660x.s
      At line 201 in file RTE\Device\EMF6601VCPCC\startup_EMF660x.s

INT37_Handler 0000004A

Symbol: INT37_Handler
   Definitions
      At line 248 in file RTE\Device\EMF6601VCPCC\startup_EMF660x.s
   Uses
      At line 89 in file RTE\Device\EMF6601VCPCC\startup_EMF660x.s
      At line 202 in file RTE\Device\EMF6601VCPCC\startup_EMF660x.s

INT38_Handler 0000004A

Symbol: INT38_Handler
   Definitions
      At line 249 in file RTE\Device\EMF6601VCPCC\startup_EMF660x.s
   Uses
      At line 90 in file RTE\Device\EMF6601VCPCC\startup_EMF660x.s
      At line 203 in file RTE\Device\EMF6601VCPCC\startup_EMF660x.s

INT39_Handler 0000004A

Symbol: INT39_Handler
   Definitions
      At line 250 in file RTE\Device\EMF6601VCPCC\startup_EMF660x.s



ARM Macro Assembler    Page 7 Alphabetic symbol ordering
Relocatable symbols

   Uses
      At line 91 in file RTE\Device\EMF6601VCPCC\startup_EMF660x.s
      At line 204 in file RTE\Device\EMF6601VCPCC\startup_EMF660x.s

INT40_Handler 0000004A

Symbol: INT40_Handler
   Definitions
      At line 251 in file RTE\Device\EMF6601VCPCC\startup_EMF660x.s
   Uses
      At line 92 in file RTE\Device\EMF6601VCPCC\startup_EMF660x.s
      At line 205 in file RTE\Device\EMF6601VCPCC\startup_EMF660x.s

INT41_Handler 0000004A

Symbol: INT41_Handler
   Definitions
      At line 252 in file RTE\Device\EMF6601VCPCC\startup_EMF660x.s
   Uses
      At line 93 in file RTE\Device\EMF6601VCPCC\startup_EMF660x.s
      At line 206 in file RTE\Device\EMF6601VCPCC\startup_EMF660x.s

INT42_Handler 0000004A

Symbol: INT42_Handler
   Definitions
      At line 253 in file RTE\Device\EMF6601VCPCC\startup_EMF660x.s
   Uses
      At line 94 in file RTE\Device\EMF6601VCPCC\startup_EMF660x.s
      At line 207 in file RTE\Device\EMF6601VCPCC\startup_EMF660x.s

INT43_Handler 0000004A

Symbol: INT43_Handler
   Definitions
      At line 254 in file RTE\Device\EMF6601VCPCC\startup_EMF660x.s
   Uses
      At line 95 in file RTE\Device\EMF6601VCPCC\startup_EMF660x.s
      At line 208 in file RTE\Device\EMF6601VCPCC\startup_EMF660x.s

INT44_Handler 0000004A

Symbol: INT44_Handler
   Definitions
      At line 255 in file RTE\Device\EMF6601VCPCC\startup_EMF660x.s
   Uses
      At line 96 in file RTE\Device\EMF6601VCPCC\startup_EMF660x.s
      At line 209 in file RTE\Device\EMF6601VCPCC\startup_EMF660x.s

INT45_Handler 0000004A

Symbol: INT45_Handler
   Definitions
      At line 256 in file RTE\Device\EMF6601VCPCC\startup_EMF660x.s
   Uses
      At line 97 in file RTE\Device\EMF6601VCPCC\startup_EMF660x.s
      At line 210 in file RTE\Device\EMF6601VCPCC\startup_EMF660x.s

INT46_Handler 0000004A



ARM Macro Assembler    Page 8 Alphabetic symbol ordering
Relocatable symbols


Symbol: INT46_Handler
   Definitions
      At line 257 in file RTE\Device\EMF6601VCPCC\startup_EMF660x.s
   Uses
      At line 98 in file RTE\Device\EMF6601VCPCC\startup_EMF660x.s
      At line 211 in file RTE\Device\EMF6601VCPCC\startup_EMF660x.s

INT47_Handler 0000004A

Symbol: INT47_Handler
   Definitions
      At line 258 in file RTE\Device\EMF6601VCPCC\startup_EMF660x.s
   Uses
      At line 99 in file RTE\Device\EMF6601VCPCC\startup_EMF660x.s
      At line 212 in file RTE\Device\EMF6601VCPCC\startup_EMF660x.s

Reset_Handler 00000000

Symbol: Reset_Handler
   Definitions
      At line 115 in file RTE\Device\EMF6601VCPCC\startup_EMF660x.s
   Uses
      At line 51 in file RTE\Device\EMF6601VCPCC\startup_EMF660x.s
      At line 116 in file RTE\Device\EMF6601VCPCC\startup_EMF660x.s

label1 00000042

Symbol: label1
   Definitions
      At line 154 in file RTE\Device\EMF6601VCPCC\startup_EMF660x.s
   Uses
      At line 153 in file RTE\Device\EMF6601VCPCC\startup_EMF660x.s
Comment: label1 used once
50 symbols



ARM Macro Assembler    Page 1 Alphabetic symbol ordering
Absolute symbols

Heap_Size 00000000

Symbol: Heap_Size
   Definitions
      At line 31 in file RTE\Device\EMF6601VCPCC\startup_EMF660x.s
   Uses
      At line 35 in file RTE\Device\EMF6601VCPCC\startup_EMF660x.s
Comment: Heap_Size used once
Stack_Size 00000300

Symbol: Stack_Size
   Definitions
      At line 20 in file RTE\Device\EMF6601VCPCC\startup_EMF660x.s
   Uses
      At line 23 in file RTE\Device\EMF6601VCPCC\startup_EMF660x.s
Comment: Stack_Size used once
__Vectors_Size 000000C0

Symbol: __Vectors_Size
   Definitions
      At line 102 in file RTE\Device\EMF6601VCPCC\startup_EMF660x.s
   Uses
      At line 48 in file RTE\Device\EMF6601VCPCC\startup_EMF660x.s
Comment: __Vectors_Size used once
3 symbols



ARM Macro Assembler    Page 1 Alphabetic symbol ordering
External symbols

SystemInit 00000000

Symbol: SystemInit
   Definitions
      At line 155 in file RTE\Device\EMF6601VCPCC\startup_EMF660x.s
   Uses
      At line 157 in file RTE\Device\EMF6601VCPCC\startup_EMF660x.s
Comment: SystemInit used once
__main 00000000

Symbol: __main
   Definitions
      At line 156 in file RTE\Device\EMF6601VCPCC\startup_EMF660x.s
   Uses
      At line 159 in file RTE\Device\EMF6601VCPCC\startup_EMF660x.s
Comment: __main used once
2 symbols
405 symbols in table
